Arguments: 
  /usr/local/bin/node /usr/local/bin/yarn

PATH: 
  /Users/favour/.ebcli-virtual-env/executables:/Users/favour/.ebcli-virtual-env/executables:/usr/local/bin:/usr/bin:/bin:/usr/sbin:/sbin:/Applications/VMware Fusion.app/Contents/Public:/Users/favour/.ebcli-virtual-env/executables

Yarn version: 
  1.22.19

Node version: 
  16.15.1

Platform: 
  darwin x64

Trace: 
  Error: Client network socket disconnected before secure TLS connection was established
      at connResetException (node:internal/errors:692:14)
      at TLSSocket.onConnectEnd (node:_tls_wrap:1587:19)
      at TLSSocket.emit (node:events:539:35)
      at endReadableNT (node:internal/streams/readable:1345:12)
      at processTicksAndRejections (node:internal/process/task_queues:83:21)

npm manifest: 
  {
    "name": "petmate",
    "version": "1.0.0",
    "private": true,
    "license": "MIT",
    "scripts": {
      "dev": "node ace serve --watch",
      "build": "node ace build --production",
      "start": "node server.js",
      "db": "node ace migration:rollback && node ace migration:run"
    },
    "devDependencies": {
      "@adonisjs/assembler": "^5.3.0",
      "adonis-preset-ts": "^2.1.0",
      "pino-pretty": "^7.5.1",
      "typescript": "~4.5",
      "youch": "^3.1.1",
      "youch-terminal": "^2.1.3"
    },
    "dependencies": {
      "@adonisjs/ally": "^4.1.4",
      "@adonisjs/auth": "^8.0.12",
      "@adonisjs/core": "^5.4.0",
      "@adonisjs/lucid": "^17.2.0",
      "@adonisjs/mail": "^8.1.2",
      "@adonisjs/repl": "^3.1.0",
      "@adonisjs/view": "^6.1.6",
      "cloudinary": "^1.31.0",
      "luxon": "^2.3.1",
      "mysql": "^2.18.1",
      "phc-argon2": "^1.1.3",
      "proxy-addr": "^2.0.7",
      "reflect-metadata": "^0.1.13",
      "source-map-support": "^0.5.21",
      "uuid": "^8.3.2"
    }
  }

yarn manifest: 
  No manifest

Lockfile: 
  No lockfile
